<?xml version='1.0' encoding='UTF-8'?>
<project>
  <actions/>
  <description></description>
  <keepDependencies>false</keepDependencies>
  <properties>
    <hudson.model.ParametersDefinitionProperty>
      <parameterDefinitions>
        <hudson.model.StringParameterDefinition>
          <name>NYET_ENV</name>
          <description>The CF environment we want to run NYET tests on.</description>
          <defaultValue>aws_nyet_ci.sh</defaultValue>
        </hudson.model.StringParameterDefinition>
      </parameterDefinitions>
    </hudson.model.ParametersDefinitionProperty>
    <com.sonyericsson.rebuild.RebuildSettings plugin="rebuild@1.21">
      <autoRebuild>false</autoRebuild>
    </com.sonyericsson.rebuild.RebuildSettings>
  </properties>
  <scm class="hudson.plugins.git.GitSCM" plugin="git@2.0.1">
    <configVersion>2</configVersion>
    <userRemoteConfigs>
      <hudson.plugins.git.UserRemoteConfig>
        <url>https://github.com/FreightTrain/C3CI-private</url>
      </hudson.plugins.git.UserRemoteConfig>
    </userRemoteConfigs>
    <branches>
      <hudson.plugins.git.BranchSpec>
        <name>*/master</name>
      </hudson.plugins.git.BranchSpec>
    </branches>
    <doGenerateSubmoduleConfigurations>false</doGenerateSubmoduleConfigurations>
    <submoduleCfg class="list"/>
    <extensions>
      <hudson.plugins.git.extensions.impl.CleanCheckout/>
      <hudson.plugins.git.extensions.impl.SubmoduleOption>
        <disableSubmodules>false</disableSubmodules>
        <recursiveSubmodules>true</recursiveSubmodules>
      </hudson.plugins.git.extensions.impl.SubmoduleOption>
    </extensions>
  </scm>
  <canRoam>true</canRoam>
  <disabled>false</disabled>
  <blockBuildWhenDownstreamBuilding>false</blockBuildWhenDownstreamBuilding>
  <blockBuildWhenUpstreamBuilding>false</blockBuildWhenUpstreamBuilding>
  <triggers class="vector"/>
  <concurrentBuild>false</concurrentBuild>
  <builders>
    <hudson.tasks.Shell>
      <command>#!bash -e

GITHUB_HASH=&quot;${GIT_URL}/tree/${GIT_COMMIT}&quot;
GITHUB_NYET_ENV_URL=&quot;${GITHUB_HASH}/cf/${NYET_ENV}&quot;

echo &quot;***********************&quot;
echo &quot;NYET TARGET: &lt;a href=&apos;${GITHUB_NYET_ENV_URL}&apos;&gt;${NYET_ENV}&lt;/a&gt;&quot;
echo &quot;***********************&quot;
echo &quot;${DESC}&quot; 
echo &quot;***********************&quot;

RUBY_VERSION=$(ruby -v | awk &apos;{print $2}&apos;)
export GEM_HOME=/var/vcap/store/gems/$RUBY_VERSION/$JOB_NAME
export GEM_PATH=$GEM_HOME

export PATH=$PATH:$GEM_HOME/bin

gem install bundler -v 1.3.5

(
source cf/${NYET_ENV}
echo &quot;NYET Target: ${NYET_TARGET}&quot;
cd C3CI/nyet
bundle
bundle exec rspec
)</command>
    </hudson.tasks.Shell>
  </builders>
  <publishers>
    <hudson.plugins.descriptionsetter.DescriptionSetterPublisher plugin="description-setter@1.8">
      <regexp>desc CF_RELEASE: (.*) SPIFF_DIR: (.*) CF_MANIFEST: (.*) STEMCELL: (.*)</regexp>
      <regexpForFailed>desc  CF_RELEASE: (.*) SPIFF_DIR: (.*) CF_MANIFEST: (.*) STEMCELL: (.*)</regexpForFailed>
      <description>&lt;small&gt;&lt;ul&gt;&lt;li&gt;\1&lt;/li&gt;&lt;li&gt;\2&lt;/li&gt;&lt;li&gt;\3&lt;/li&gt;&lt;li&gt;\4&lt;/li&gt;&lt;/ul&gt;&lt;/small&gt;</description>
      <descriptionForFailed>&lt;small&gt;&lt;ul&gt;&lt;li&gt;\1&lt;/li&gt;&lt;li&gt;\2&lt;/li&gt;&lt;li&gt;\3&lt;/li&gt;&lt;li&gt;\4&lt;/li&gt;&lt;/ul&gt;&lt;/small&gt;</descriptionForFailed>
      <setForMatrix>false</setForMatrix>
    </hudson.plugins.descriptionsetter.DescriptionSetterPublisher>
    <hudson.plugins.parameterizedtrigger.BuildTrigger plugin="parameterized-trigger@2.22">
      <configs>
        <hudson.plugins.parameterizedtrigger.BuildTriggerConfig>
          <configs>
            <hudson.plugins.parameterizedtrigger.CurrentBuildParameters/>
          </configs>
          <projects>deploy-custom-crud-apps</projects>
          <condition>UNSTABLE_OR_BETTER</condition>
          <triggerWithNoParameters>false</triggerWithNoParameters>
        </hudson.plugins.parameterizedtrigger.BuildTriggerConfig>
      </configs>
    </hudson.plugins.parameterizedtrigger.BuildTrigger>
  </publishers>
  <buildWrappers/>
</project>