<?xml version='1.0' encoding='UTF-8'?>
<project>
  <actions/>
  <description></description>
  <keepDependencies>false</keepDependencies>
  <properties>
    <hudson.model.ParametersDefinitionProperty>
      <parameterDefinitions>
        <hudson.model.StringParameterDefinition>
          <name>NYET_ENV</name>
          <description>The CF environment we want to run NYET tests on.</description>
          <defaultValue>aws_nyet_ci.sh</defaultValue>
        </hudson.model.StringParameterDefinition>
      </parameterDefinitions>
    </hudson.model.ParametersDefinitionProperty>
  </properties>
  <scm class="hudson.plugins.git.GitSCM" plugin="git@2.0.1">
    <configVersion>2</configVersion>
    <userRemoteConfigs>
      <hudson.plugins.git.UserRemoteConfig>
        <url>https://github.com/FreightTrain/C3CI-private.git</url>
      </hudson.plugins.git.UserRemoteConfig>
    </userRemoteConfigs>
    <branches>
      <hudson.plugins.git.BranchSpec>
        <name>*/master</name>
      </hudson.plugins.git.BranchSpec>
    </branches>
    <doGenerateSubmoduleConfigurations>false</doGenerateSubmoduleConfigurations>
    <submoduleCfg class="list"/>
    <extensions>
      <hudson.plugins.git.extensions.impl.CleanCheckout/>
      <hudson.plugins.git.extensions.impl.SubmoduleOption>
        <disableSubmodules>false</disableSubmodules>
        <recursiveSubmodules>true</recursiveSubmodules>
      </hudson.plugins.git.extensions.impl.SubmoduleOption>
    </extensions>
  </scm>
  <canRoam>true</canRoam>
  <disabled>false</disabled>
  <blockBuildWhenDownstreamBuilding>false</blockBuildWhenDownstreamBuilding>
  <blockBuildWhenUpstreamBuilding>false</blockBuildWhenUpstreamBuilding>
  <triggers class="vector"/>
  <concurrentBuild>false</concurrentBuild>
  <builders>
    <hudson.tasks.Shell>
      <command>#!bash -e

echo &quot;***********************&quot;
echo &quot;${DESC}&quot;
echo &quot;***********************&quot;

RUBY_VERSION=$(ruby -v | awk &apos;{print $2}&apos;)
export GEM_HOME=/var/vcap/store/gems/$RUBY_VERSION/$JOB_NAME
export GEM_PATH=$GEM_HOME

export PATH=$PATH:$GEM_HOME/bin

gem install bundler -v 1.3.5

(
source cf/${NYET_ENV}
cd C3CI/nyet
bundle
bundle exec rspec
)</command>
    </hudson.tasks.Shell>
  </builders>
  <publishers>
    <hudson.plugins.descriptionsetter.DescriptionSetterPublisher plugin="description-setter@1.8">
      <regexp>desc CF_RELEASE: (.*) SPIFF_DIR: (.*) CF_MANIFEST: (.*) STEMCELL: (.*)</regexp>
      <regexpForFailed></regexpForFailed>
      <description>\1 &lt;br&gt; \2 &lt;br&gt; \3 &lt;br&gt; \4</description>
      <setForMatrix>false</setForMatrix>
    </hudson.plugins.descriptionsetter.DescriptionSetterPublisher>
  </publishers>
  <buildWrappers/>
</project>