<?xml version='1.0' encoding='UTF-8'?>
<project>
  <actions/>
  <description></description>
  <keepDependencies>false</keepDependencies>
  <properties/>
  <scm class="hudson.plugins.git.GitSCM" plugin="git@2.0.1">
    <configVersion>2</configVersion>
    <userRemoteConfigs>
      <hudson.plugins.git.UserRemoteConfig>
        <url>https://github.com/FreightTrain/C3CI-private.git</url>
      </hudson.plugins.git.UserRemoteConfig>
    </userRemoteConfigs>
    <branches>
      <hudson.plugins.git.BranchSpec>
        <name>*/master</name>
      </hudson.plugins.git.BranchSpec>
    </branches>
    <doGenerateSubmoduleConfigurations>false</doGenerateSubmoduleConfigurations>
    <submoduleCfg class="list"/>
    <extensions>
      <hudson.plugins.git.extensions.impl.CleanCheckout/>
      <hudson.plugins.git.extensions.impl.SubmoduleOption>
        <disableSubmodules>false</disableSubmodules>
        <recursiveSubmodules>true</recursiveSubmodules>
      </hudson.plugins.git.extensions.impl.SubmoduleOption>
    </extensions>
  </scm>
  <canRoam>true</canRoam>
  <disabled>false</disabled>
  <blockBuildWhenDownstreamBuilding>false</blockBuildWhenDownstreamBuilding>
  <blockBuildWhenUpstreamBuilding>false</blockBuildWhenUpstreamBuilding>
  <triggers class="vector"/>
  <concurrentBuild>false</concurrentBuild>
  <builders>
    <hudson.tasks.Shell>
      <command>#!bash -ex

RUBY_VERSION=$(ruby -v | awk &apos;{print $2}&apos;)
export GEM_HOME=/var/vcap/store/gems/$RUBY_VERSION/$JOB_NAME
export GEM_PATH=$GEM_HOME

export PATH=$PATH:$GEM_HOME/bin

gem install bundler -v 1.3.5

(
source cf/nyet_ci.sh
cd C3CI/nyet
bundle
bundle exec rspec spec/app_crud_spec.rb spec/support_spec/
)</command>
    </hudson.tasks.Shell>
  </builders>
  <publishers/>
  <buildWrappers/>
</project>
